03/02/2014 01:01:39 AM INFO  Booting up...
03/02/2014 01:01:39 AM INFO  Connecting to DPC-230...
03/02/2014 01:01:41 AM INFO  Initialized the DPC-230 OK. using INI file "spcm.ini"
03/02/2014 01:01:41 AM INFO  Initialized the DPC-230 OK. using INI file "spcm.ini"
03/02/2014 01:01:41 AM INFO Setup info:  operation mode:   8 [Absolute time FIFO mode]
  memory bank:      6 [both DPCs active]
  detector type:    6 [LVTTL on TDC1&2]
  enabled channels: 1111 1111 0000 1111 1111 00
  channel slope:    1111 1111 0000 1111 1111 00
  collection time:  1.0
  stop at end:      yes
  time bin size:    82305.00030517578125000000 fs
 
03/02/2014 01:01:41 AM INFO Setup info:  operation mode:   8 [Absolute time FIFO mode]
  memory bank:      6 [both DPCs active]
  detector type:    6 [LVTTL on TDC1&2]
  enabled channels: 1111 1111 0000 1111 1111 00
  channel slope:    1111 1111 0000 1111 1111 00
  collection time:  1.0
  stop at end:      yes
  time bin size:    82305.00030517578125000000 fs
 Listening for connections on 9999 ...
03/02/2014 01:02:20 AM INFO  Booting up...
03/02/2014 01:02:20 AM INFO  Connecting to DPC-230...
03/02/2014 01:02:21 AM INFO  Initialized the DPC-230 OK. using INI file "spcm.ini"
03/02/2014 01:02:21 AM INFO  Initialized the DPC-230 OK. using INI file "spcm.ini"
03/02/2014 01:02:21 AM INFO Setup info:  operation mode:   8 [Absolute time FIFO mode]
  memory bank:      6 [both DPCs active]
  detector type:    6 [LVTTL on TDC1&2]
  enabled channels: 1111 1111 0000 1111 1111 00
  channel slope:    1111 1111 0000 1111 1111 00
  collection time:  1.0
  stop at end:      yes
  time bin size:    82305.00030517578125000000 fs
 
03/02/2014 01:02:21 AM INFO Setup info:  operation mode:   8 [Absolute time FIFO mode]
  memory bank:      6 [both DPCs active]
  detector type:    6 [LVTTL on TDC1&2]
  enabled channels: 1111 1111 0000 1111 1111 00
  channel slope:    1111 1111 0000 1111 1111 00
  collection time:  1.0
  stop at end:      yes
  time bin size:    82305.00030517578125000000 fs
 Listening for connections on 9999 ...
03/02/2014 01:02:47 AM INFO  Booting up...
03/02/2014 01:02:47 AM INFO  Connecting to DPC-230...
03/02/2014 01:02:48 AM INFO  Initialized the DPC-230 OK. using INI file "spcm.ini"
03/02/2014 01:02:48 AM INFO  Initialized the DPC-230 OK. using INI file "spcm.ini"
03/02/2014 01:02:48 AM INFO Setup info:  operation mode:   8 [Absolute time FIFO mode]
  memory bank:      6 [both DPCs active]
  detector type:    6 [LVTTL on TDC1&2]
  enabled channels: 1111 1111 0000 1111 1111 00
  channel slope:    1111 1111 0000 1111 1111 00
  collection time:  1.0
  stop at end:      yes
  time bin size:    82305.00030517578125000000 fs
 
03/02/2014 01:02:48 AM INFO Setup info:  operation mode:   8 [Absolute time FIFO mode]
  memory bank:      6 [both DPCs active]
  detector type:    6 [LVTTL on TDC1&2]
  enabled channels: 1111 1111 0000 1111 1111 00
  channel slope:    1111 1111 0000 1111 1111 00
  collection time:  1.0
  stop at end:      yes
  time bin size:    82305.00030517578125000000 fs
 Listening for connections on 9999 ...
03/02/2014 01:03:23 AM INFO  Booting up...
03/02/2014 01:03:23 AM INFO  Connecting to DPC-230...
03/02/2014 01:03:24 AM INFO  Initialized the DPC-230 OK. using INI file "spcm.ini"
03/02/2014 01:03:25 AM INFO  Initialized the DPC-230 OK. using INI file "spcm.ini"
03/02/2014 01:03:25 AM INFO Setup info:  operation mode:   8 [Absolute time FIFO mode]
  memory bank:      6 [both DPCs active]
  detector type:    6 [LVTTL on TDC1&2]
  enabled channels: 1111 1111 0000 1111 1111 00
  channel slope:    1111 1111 0000 1111 1111 00
  collection time:  1.0
  stop at end:      yes
  time bin size:    82305.00030517578125000000 fs
 
03/02/2014 01:03:25 AM INFO Setup info:  operation mode:   8 [Absolute time FIFO mode]
  memory bank:      6 [both DPCs active]
  detector type:    6 [LVTTL on TDC1&2]
  enabled channels: 1111 1111 0000 1111 1111 00
  channel slope:    1111 1111 0000 1111 1111 00
  collection time:  1.0
  stop at end:      yes
  time bin size:    82305.00030517578125000000 fs
 Listening for connections on 9999 ...
03/02/2014 01:04:10 AM INFO  Booting up...
03/02/2014 01:04:10 AM INFO  Connecting to DPC-230...
03/02/2014 01:04:12 AM INFO  Initialized the DPC-230 OK. using INI file "spcm.ini"
03/02/2014 01:04:12 AM INFO  Initialized the DPC-230 OK. using INI file "spcm.ini"
03/02/2014 01:04:12 AM INFO Setup info:  operation mode:   8 [Absolute time FIFO mode]
  memory bank:      6 [both DPCs active]
  detector type:    6 [LVTTL on TDC1&2]
  enabled channels: 1111 1111 0000 1111 1111 00
  channel slope:    1111 1111 0000 1111 1111 00
  collection time:  1.0
  stop at end:      yes
  time bin size:    82305.00030517578125000000 fs
 
03/02/2014 01:04:12 AM INFO Setup info:  operation mode:   8 [Absolute time FIFO mode]
  memory bank:      6 [both DPCs active]
  detector type:    6 [LVTTL on TDC1&2]
  enabled channels: 1111 1111 0000 1111 1111 00
  channel slope:    1111 1111 0000 1111 1111 00
  collection time:  1.0
  stop at end:      yes
  time bin size:    82305.00030517578125000000 fs
 Listening for connections on 9999 ...
03/02/2014 01:04:15 AM INFO  Booting up...
03/02/2014 01:04:15 AM INFO  Connecting to DPC-230...
03/02/2014 01:04:17 AM INFO  Initialized the DPC-230 OK. using INI file "spcm.ini"
03/02/2014 01:04:17 AM INFO  Initialized the DPC-230 OK. using INI file "spcm.ini"
03/02/2014 01:04:17 AM INFO Setup info:  operation mode:   8 [Absolute time FIFO mode]
  memory bank:      6 [both DPCs active]
  detector type:    6 [LVTTL on TDC1&2]
  enabled channels: 1111 1111 0000 1111 1111 00
  channel slope:    1111 1111 0000 1111 1111 00
  collection time:  1.0
  stop at end:      yes
  time bin size:    82305.00030517578125000000 fs
 
03/02/2014 01:04:17 AM INFO Setup info:  operation mode:   8 [Absolute time FIFO mode]
  memory bank:      6 [both DPCs active]
  detector type:    6 [LVTTL on TDC1&2]
  enabled channels: 1111 1111 0000 1111 1111 00
  channel slope:    1111 1111 0000 1111 1111 00
  collection time:  1.0
  stop at end:      yes
  time bin size:    82305.00030517578125000000 fs
 Listening for connections on 9999 ...
03/02/2014 01:04:36 AM INFO  Booting up...
03/02/2014 01:04:36 AM INFO  Connecting to DPC-230...
03/02/2014 01:04:37 AM INFO  Initialized the DPC-230 OK. using INI file "spcm.ini"
03/02/2014 01:04:38 AM INFO  Initialized the DPC-230 OK. using INI file "spcm.ini"
03/02/2014 01:04:38 AM INFO Setup info:  operation mode:   8 [Absolute time FIFO mode]
  memory bank:      6 [both DPCs active]
  detector type:    6 [LVTTL on TDC1&2]
  enabled channels: 1111 1111 0000 1111 1111 00
  channel slope:    1111 1111 0000 1111 1111 00
  collection time:  1.0
  stop at end:      yes
  time bin size:    82305.00030517578125000000 fs
 
03/02/2014 01:04:38 AM INFO Setup info:  operation mode:   8 [Absolute time FIFO mode]
  memory bank:      6 [both DPCs active]
  detector type:    6 [LVTTL on TDC1&2]
  enabled channels: 1111 1111 0000 1111 1111 00
  channel slope:    1111 1111 0000 1111 1111 00
  collection time:  1.0
  stop at end:      yes
  time bin size:    82305.00030517578125000000 fs
 Listening for connections on 9999 ...
